2024-10-31T14:10:04.7125396-06:00  [INF] Deserializing JSON: "{  \"Timestamp\": \"2023-10-01T12:34:56Z\",  \"Protocol\": \"WebSocket\",  \"Success\": true,  \"RequestId\": \"12345\",  \"SessionId\": \"abcde\",  \"ErrorCode\": null,  \"ErrorMessage\": null,  \"EndPoint\": \"ws://localhost:5000\",  \"Data\": [    \"ws://localhost:5000\",    \"ws://localhost:5000\",    \"ws://localhost:5000\"  ]}" (f671f6dc)
2024-10-31T14:17:55.8040113-06:00  [INF] Deserializing JSON: "{  \"Timestamp\": \"2023-10-01T12:34:56Z\",  \"Protocol\": \"WebSocket\",  \"Success\": true,  \"RequestId\": \"12345\",  \"SessionId\": \"abcde\",  \"ErrorCode\": null,  \"ErrorMessage\": null,  \"EndPoint\": \"ws://localhost:8080\",  \"Data\": [    \"ws://localhost:5000\",    \"ws://localhost:5000\",    \"ws://localhost:5000\"  ]}" (f671f6dc)
2024-10-31T14:20:51.3188987-06:00  [INF] Deserializing JSON: "{  \"Timestamp\": \"2023-10-01T12:34:56Z\",  \"Protocol\": \"WebSocket\",  \"Success\": true,  \"RequestId\": \"12345\",  \"SessionId\": \"abcde\",  \"ErrorCode\": null,  \"ErrorMessage\": null,  \"EndPoint\": \"ws://localhost:8080\",  \"Data\": [    \"ws://localhost:5000\",    \"ws://localhost:5000\",    \"ws://localhost:5000\"  ]}" (f671f6dc)
2024-10-31T14:22:28.9037481-06:00  [INF] Deserializing JSON: "{  \"Timestamp\": \"2023-10-01T12:34:56Z\",  \"Protocol\": \"WebSocket\",  \"Success\": true,  \"RequestId\": \"12345\",  \"SessionId\": \"abcde\",  \"ErrorCode\": null,  \"ErrorMessage\": null,  \"EndPoint\": \"ws://localhost:8080\",  \"Data\": [    \"ws://localhost:5000\",    \"ws://localhost:5000\",    \"ws://localhost:5000\"  ]}" (f671f6dc)
2024-10-31T14:26:21.4047406-06:00  [INF] Deserializing JSON: "{  \"Timestamp\": \"2023-10-01T12:34:56Z\",  \"Protocol\": \"WebSocket\",  \"Success\": true,  \"RequestId\": \"12345\",  \"SessionId\": \"abcde\",  \"ErrorCode\": null,  \"ErrorMessage\": null,  \"EndPoint\": \"ws://localhost:8080\",  \"Data\": [    \"ws://localhost:5000\",    \"ws://localhost:5000\",    \"ws://localhost:5000\"  ]}" (f671f6dc)
2024-10-31T14:27:59.6346585-06:00  [INF] Deserializing JSON: "{" (f671f6dc)
2024-10-31T14:27:59.6389700-06:00  [ERR] Error deserializing JSON: "{" (1842c5ca)
System.Text.Json.JsonException: Expected depth to be zero at the end of the JSON payload. There is an open JSON object or array that should be closed. Path: $ | LineNumber: 0 | BytePositionInLine: 1.
 ---> System.Text.Json.JsonReaderException: Expected depth to be zero at the end of the JSON payload. There is an open JSON object or array that should be closed. LineNumber: 0 | BytePositionInLine: 1.
   at System.Text.Json.ThrowHelper.ThrowJsonReaderException(Utf8JsonReader& json, ExceptionResource resource, Byte nextByte, ReadOnlySpan`1 bytes)
   at System.Text.Json.Utf8JsonReader.ReadSingleSegment()
   at System.Text.Json.Utf8JsonReader.Read()
   at System.Text.Json.Serialization.Converters.ObjectDefaultConverter`1.OnTryRead(Utf8JsonReader& reader, Type typeToConvert, JsonSerializerOptions options, ReadStack& state, T& value)
   at System.Text.Json.Serialization.JsonConverter`1.TryRead(Utf8JsonReader& reader, Type typeToConvert, JsonSerializerOptions options, ReadStack& state, T& value, Boolean& isPopulatedValue)
   at System.Text.Json.Serialization.JsonConverter`1.ReadCore(Utf8JsonReader& reader, JsonSerializerOptions options, ReadStack& state)
   --- End of inner exception stack trace ---
   at System.Text.Json.ThrowHelper.ReThrowWithPath(ReadStack& state, JsonReaderException ex)
   at System.Text.Json.Serialization.JsonConverter`1.ReadCore(Utf8JsonReader& reader, JsonSerializerOptions options, ReadStack& state)
   at System.Text.Json.Serialization.Metadata.JsonTypeInfo`1.Deserialize(Utf8JsonReader& reader, ReadStack& state)
   at System.Text.Json.JsonSerializer.ReadFromSpan[TValue](ReadOnlySpan`1 utf8Json, JsonTypeInfo`1 jsonTypeInfo, Nullable`1 actualByteCount)
   at System.Text.Json.JsonSerializer.ReadFromSpan[TValue](ReadOnlySpan`1 json, JsonTypeInfo`1 jsonTypeInfo)
   at System.Text.Json.JsonSerializer.Deserialize[TValue](String json, JsonSerializerOptions options)
   at Server.Message.Deserialize(Byte[] data, Int32 count) in /home/ee78dw587/CSharpServer/Server/WebSocketServer.cs:line 347
   at Server.WSProxy.HandleConnection(WebSocket websocket, String streamId) in /home/ee78dw587/CSharpServer/Server/WebSocketServer.cs:line 98
2024-10-31T14:28:08.0244999-06:00  [INF] Deserializing JSON: "{  \"Timestamp\": \"2023-10-01T12:34:56Z\",  \"Protocol\": \"WebSocket\",  \"Success\": true,  \"RequestId\": \"12345\",  \"SessionId\": \"abcde\",  \"ErrorCode\": null,  \"ErrorMessage\": null,  \"EndPoint\": \"ws://localhost:8080\",  \"Data\": [    \"ws://localhost:5000\",    \"ws://localhost:5000\",    \"ws://localhost:5000\"  ]}" (f671f6dc)
2024-10-31T14:29:27.8126893-06:00  [INF] Deserializing JSON: "{  \"Timestamp\": \"2023-10-01T12:34:56Z\",  \"Protocol\": \"WebSocket\",  \"Success\": true,  \"RequestId\": \"12345\",  \"SessionId\": \"abcde\",  \"ErrorCode\": null,  \"ErrorMessage\": null,  \"EndPoint\": \"ws://localhost:8080\",  \"Data\": [    \"ws://localhost:5000\",    \"ws://localhost:5000\",    \"ws://localhost:5000\"  ]}" (f671f6dc)
2024-10-31T14:34:52.2473929-06:00  [INF] Deserializing JSON: "{  \"Timestamp\": \"2023-10-01T12:34:56Z\",  \"Protocol\": \"WebSocket\",  \"Success\": true,  \"RequestId\": \"12345\",  \"SessionId\": \"abcde\",  \"ErrorCode\": null,  \"ErrorMessage\": null,  \"EndPoint\": \"ws://localhost:8080\",  \"Data\": [    \"ws://localhost:5000\",    \"ws://localhost:5000\",    \"ws://localhost:5000\"  ]}" (f671f6dc)
2024-10-31T14:40:35.3167161-06:00  [INF] Deserializing JSON: "{  \"Timestamp\": \"2023-10-01T12:34:56Z\",  \"Protocol\": \"WebSocket\",  \"Success\": true,  \"RequestId\": \"12345\",  \"SessionId\": \"abcde\",  \"ErrorCode\": null,  \"ErrorMessage\": null,  \"EndPoint\": \"ws://localhost:8080\",  \"Data\": [    \"ws://localhost:5000\",    \"ws://localhost:5000\",    \"ws://localhost:5000\"  ]}" (f671f6dc)
2024-10-31T14:48:39.7778382-06:00  [INF] Deserializing JSON: "{  \"Timestamp\": \"2023-10-01T12:34:56Z\",  \"Protocol\": \"WebSocket\",  \"Success\": true,  \"RequestId\": \"12345\",  \"SessionId\": \"abcde\",  \"ErrorCode\": null,  \"ErrorMessage\": null,  \"EndPoint\": \"ws://localhost:8080\",  \"Data\": [    \"ws://localhost:5000\",    \"ws://localhost:5000\",    \"ws://localhost:5000\"  ]}" (f671f6dc)
2024-10-31T14:50:25.4522885-06:00  [INF] Deserializing JSON: "{  \"Timestamp\": \"2023-10-01T12:34:56Z\",  \"Protocol\": \"WebSocket\",  \"Success\": true,  \"RequestId\": \"12345\",  \"SessionId\": \"abcde\",  \"ErrorCode\": null,  \"ErrorMessage\": null,  \"EndPoint\": \"ws://localhost:8080\",  \"Data\": [    \"ws://localhost:5000\",    \"ws://localhost:5000\",    \"ws://localhost:5000\"  ]}" (f671f6dc)
2024-10-31T14:52:22.1790016-06:00  [INF] Deserializing JSON: "{  \"Timestamp\": \"2023-10-01T12:34:56Z\",  \"Protocol\": \"WebSocket\",  \"Success\": true,  \"RequestId\": \"12345\",  \"SessionId\": \"abcde\",  \"ErrorCode\": null,  \"ErrorMessage\": null,  \"EndPoint\": \"ws://localhost:8080\",  \"Data\": [    \"ws://localhost:5000\",    \"ws://localhost:5000\",    \"ws://localhost:5000\"  ]}" (f671f6dc)
2024-10-31T14:52:40.9219813-06:00  [INF] Deserializing JSON: "{  \"Timestamp\": \"2023-10-01T12:34:56Z\",  \"Protocol\": \"WebSocket\",  \"Success\": true,  \"RequestId\": \"12345\",  \"SessionId\": \"abcde\",  \"ErrorCode\": null,  \"ErrorMessage\": null,  \"EndPoint\": \"ws://localhost:8080\",  \"Data\": [    \"ws://localhost:5000\",    \"ws://localhost:5000\",    \"ws://localhost:5000\"  ]}" (f671f6dc)
2024-10-31T14:57:30.9976443-06:00  [INF] Deserializing JSON: "{  \"Timestamp\": \"2023-10-01T12:34:56Z\",  \"Protocol\": \"WebSocket\",  \"Success\": true,  \"RequestId\": \"12345\",  \"SessionId\": \"abcde\",  \"ErrorCode\": null,  \"ErrorMessage\": null,  \"EndPoint\": \"ws://localhost:8080\",  \"Data\": [    \"ws://localhost:5000\",    \"ws://localhost:5000\",    \"ws://localhost:5000\"  ]}" (f671f6dc)
2024-10-31T14:59:55.0684207-06:00  [INF] Deserializing JSON: "{  \"Timestamp\": \"2023-10-01T12:34:56Z\",  \"Protocol\": \"WebSocket\",  \"Success\": true,  \"RequestId\": \"12345\",  \"SessionId\": \"abcde\",  \"ErrorCode\": null,  \"ErrorMessage\": null,  \"EndPoint\": \"ws://localhost:8080\",  \"Data\": [    \"ws://localhost:5000\",    \"ws://localhost:5000\",    \"ws://localhost:5000\"  ]}" (f671f6dc)
2024-10-31T15:01:53.2806370-06:00  [INF] Deserializing JSON: "{  \"Timestamp\": \"2023-10-01T12:34:56Z\",  \"Protocol\": \"WebSocket\",  \"Success\": true,  \"RequestId\": \"12345\",  \"SessionId\": \"abcde\",  \"ErrorCode\": null,  \"ErrorMessage\": null,  \"EndPoint\": \"ws://localhost:8080\",  \"Data\": [    \"ws://localhost:5000\",    \"ws://localhost:5000\",    \"ws://localhost:5000\"  ]}" (f671f6dc)
2024-10-31T15:03:34.8677900-06:00  [INF] Deserializing JSON: "{  \"Timestamp\": \"2023-10-01T12:34:56Z\",  \"Protocol\": \"WebSocket\",  \"Success\": true,  \"RequestId\": \"12345\",  \"SessionId\": \"abcde\",  \"ErrorCode\": null,  \"ErrorMessage\": null,  \"EndPoint\": \"ws://localhost:8080\",  \"Data\": [    \"ws://localhost:5000\",    \"ws://localhost:5000\",    \"ws://localhost:5000\"  ]}" (f671f6dc)
2024-10-31T15:05:47.0940586-06:00  [INF] Deserializing JSON: "{  \"Timestamp\": \"2023-10-01T12:34:56Z\",  \"Protocol\": \"WebSocket\",  \"Success\": true,  \"RequestId\": \"12345\",  \"SessionId\": \"abcde\",  \"ErrorCode\": null,  \"ErrorMessage\": null,  \"EndPoint\": \"ws://localhost:8080\",  \"Data\": [    \"ws://localhost:5000\",    \"ws://localhost:5000\",    \"ws://localhost:5000\"  ]}" (f671f6dc)
2024-10-31T15:08:06.4045186-06:00  [INF] Deserializing JSON: "{  \"Timestamp\": \"2023-10-01T12:34:56Z\",  \"Protocol\": \"WebSocket\",  \"Success\": true,  \"RequestId\": \"12345\",  \"SessionId\": \"abcde\",  \"ErrorCode\": null,  \"ErrorMessage\": null,  \"EndPoint\": \"ws://localhost:8080\",  \"Data\": [    \"ws://localhost:5000\",    \"ws://localhost:5001\",  ]}" (f671f6dc)
2024-10-31T15:08:06.4327169-06:00  [ERR] Error deserializing JSON: "{  \"Timestamp\": \"2023-10-01T12:34:56Z\",  \"Protocol\": \"WebSocket\",  \"Success\": true,  \"RequestId\": \"12345\",  \"SessionId\": \"abcde\",  \"ErrorCode\": null,  \"ErrorMessage\": null,  \"EndPoint\": \"ws://localhost:8080\",  \"Data\": [    \"ws://localhost:5000\",    \"ws://localhost:5001\",  ]}" (1842c5ca)
System.Text.Json.JsonException: The JSON array contains a trailing comma at the end which is not supported in this mode. Change the reader options. Path: $.Data[2] | LineNumber: 0 | BytePositionInLine: 273.
 ---> System.Text.Json.JsonReaderException: The JSON array contains a trailing comma at the end which is not supported in this mode. Change the reader options. LineNumber: 0 | BytePositionInLine: 273.
   at System.Text.Json.ThrowHelper.ThrowJsonReaderException(Utf8JsonReader& json, ExceptionResource resource, Byte nextByte, ReadOnlySpan`1 bytes)
   at System.Text.Json.Utf8JsonReader.ConsumeNextToken(Byte marker)
   at System.Text.Json.Utf8JsonReader.ConsumeNextTokenOrRollback(Byte marker)
   at System.Text.Json.Utf8JsonReader.ReadSingleSegment()
   at System.Text.Json.Utf8JsonReader.Read()
   at System.Text.Json.Serialization.JsonCollectionConverter`2.OnTryRead(Utf8JsonReader& reader, Type typeToConvert, JsonSerializerOptions options, ReadStack& state, TCollection& value)
   at System.Text.Json.Serialization.JsonConverter`1.TryRead(Utf8JsonReader& reader, Type typeToConvert, JsonSerializerOptions options, ReadStack& state, T& value, Boolean& isPopulatedValue)
   at System.Text.Json.Serialization.Metadata.JsonPropertyInfo`1.ReadJsonAndSetMember(Object obj, ReadStack& state, Utf8JsonReader& reader)
   at System.Text.Json.Serialization.Converters.ObjectDefaultConverter`1.OnTryRead(Utf8JsonReader& reader, Type typeToConvert, JsonSerializerOptions options, ReadStack& state, T& value)
   at System.Text.Json.Serialization.JsonConverter`1.TryRead(Utf8JsonReader& reader, Type typeToConvert, JsonSerializerOptions options, ReadStack& state, T& value, Boolean& isPopulatedValue)
   at System.Text.Json.Serialization.JsonConverter`1.ReadCore(Utf8JsonReader& reader, JsonSerializerOptions options, ReadStack& state)
   --- End of inner exception stack trace ---
   at System.Text.Json.ThrowHelper.ReThrowWithPath(ReadStack& state, JsonReaderException ex)
   at System.Text.Json.Serialization.JsonConverter`1.ReadCore(Utf8JsonReader& reader, JsonSerializerOptions options, ReadStack& state)
   at System.Text.Json.Serialization.Metadata.JsonTypeInfo`1.Deserialize(Utf8JsonReader& reader, ReadStack& state)
   at System.Text.Json.JsonSerializer.ReadFromSpan[TValue](ReadOnlySpan`1 utf8Json, JsonTypeInfo`1 jsonTypeInfo, Nullable`1 actualByteCount)
   at System.Text.Json.JsonSerializer.ReadFromSpan[TValue](ReadOnlySpan`1 json, JsonTypeInfo`1 jsonTypeInfo)
   at System.Text.Json.JsonSerializer.Deserialize[TValue](String json, JsonSerializerOptions options)
   at Server.Message.Deserialize(Byte[] data, Int32 count) in /home/ee78dw587/CSharpServer/Server/WebSocketServer.cs:line 348
   at Server.WSProxy.HandleConnection(WebSocket websocket, String streamId) in /home/ee78dw587/CSharpServer/Server/WebSocketServer.cs:line 98
